<?xml version="1.0" encoding="UTF-8"?>
<testsuite xmlns:xsi="http://www.w3.org/2001/XMLSchema-instance" xsi:noNamespaceSchemaLocation="https://maven.apache.org/surefire/maven-failsafe-plugin/xsd/failsafe-test-report-3.0.xsd" version="3.0" name="edu.pdx.cs410J.riley34.Project5IT" time="0.078" tests="1" errors="0" skipped="0" failures="0">
  <properties>
    <property name="java.specification.version" value="13"/>
    <property name="sun.jnu.encoding" value="UTF-8"/>
    <property name="java.class.path" value="/Users/rileyeverett/Documents/GitHub/CS410/airline-web/target/it-classes:/Users/rileyeverett/Documents/GitHub/CS410/airline-web/target/airline.jar:/Users/rileyeverett/.m2/repository/junit/junit/4.13-beta-3/junit-4.13-beta-3.jar:/Users/rileyeverett/.m2/repository/org/hamcrest/hamcrest-core/2.1/hamcrest-core-2.1.jar:/Users/rileyeverett/.m2/repository/org/hamcrest/hamcrest/2.1/hamcrest-2.1.jar:/Users/rileyeverett/.m2/repository/org/hamcrest/hamcrest-library/2.1/hamcrest-library-2.1.jar:/Users/rileyeverett/.m2/repository/org/mockito/mockito-core/2.27.0/mockito-core-2.27.0.jar:/Users/rileyeverett/.m2/repository/net/bytebuddy/byte-buddy/1.9.10/byte-buddy-1.9.10.jar:/Users/rileyeverett/.m2/repository/net/bytebuddy/byte-buddy-agent/1.9.10/byte-buddy-agent-1.9.10.jar:/Users/rileyeverett/.m2/repository/org/objenesis/objenesis/2.6/objenesis-2.6.jar:/Users/rileyeverett/.m2/repository/edu/pdx/cs410J/projects/Winter2020/projects-Winter2020.jar:/Users/rileyeverett/.m2/repository/edu/pdx/cs410J/examples/Winter2020/examples-Winter2020.jar:/Users/rileyeverett/.m2/repository/edu/pdx/cs410J/family/Winter2020/family-Winter2020.jar:/Users/rileyeverett/.m2/repository/javax/mail/javax.mail-api/1.6.2/javax.mail-api-1.6.2.jar:/Users/rileyeverett/.m2/repository/com/google/inject/guice/4.2.2/guice-4.2.2.jar:/Users/rileyeverett/.m2/repository/javax/inject/javax.inject/1/javax.inject-1.jar:/Users/rileyeverett/.m2/repository/aopalliance/aopalliance/1.0/aopalliance-1.0.jar:/Users/rileyeverett/.m2/repository/com/google/guava/guava/25.1-android/guava-25.1-android.jar:/Users/rileyeverett/.m2/repository/com/google/code/findbugs/jsr305/3.0.2/jsr305-3.0.2.jar:/Users/rileyeverett/.m2/repository/org/checkerframework/checker-compat-qual/2.0.0/checker-compat-qual-2.0.0.jar:/Users/rileyeverett/.m2/repository/com/google/errorprone/error_prone_annotations/2.1.3/error_prone_annotations-2.1.3.jar:/Users/rileyeverett/.m2/repository/com/google/j2objc/j2objc-annotations/1.1/j2objc-annotations-1.1.jar:/Users/rileyeverett/.m2/repository/org/codehaus/mojo/animal-sniffer-annotations/1.14/animal-sniffer-annotations-1.14.jar:/Users/rileyeverett/.m2/repository/org/codehaus/groovy/groovy/3.0.0-beta-1/groovy-3.0.0-beta-1.jar:/Users/rileyeverett/.m2/repository/org/codehaus/groovy/groovy-ant/3.0.0-beta-1/groovy-ant-3.0.0-beta-1.jar:/Users/rileyeverett/.m2/repository/org/apache/ant/ant/1.10.5/ant-1.10.5.jar:/Users/rileyeverett/.m2/repository/org/apache/ant/ant-junit/1.10.5/ant-junit-1.10.5.jar:/Users/rileyeverett/.m2/repository/org/apache/ant/ant-launcher/1.10.5/ant-launcher-1.10.5.jar:/Users/rileyeverett/.m2/repository/org/apache/ant/ant-antlr/1.10.5/ant-antlr-1.10.5.jar:/Users/rileyeverett/.m2/repository/org/codehaus/groovy/groovy-cli-picocli/3.0.0-beta-1/groovy-cli-picocli-3.0.0-beta-1.jar:/Users/rileyeverett/.m2/repository/info/picocli/picocli/3.9.5/picocli-3.9.5.jar:/Users/rileyeverett/.m2/repository/org/codehaus/groovy/groovy-console/3.0.0-beta-1/groovy-console-3.0.0-beta-1.jar:/Users/rileyeverett/.m2/repository/org/codehaus/groovy/groovy-datetime/3.0.0-beta-1/groovy-datetime-3.0.0-beta-1.jar:/Users/rileyeverett/.m2/repository/org/codehaus/groovy/groovy-docgenerator/3.0.0-beta-1/groovy-docgenerator-3.0.0-beta-1.jar:/Users/rileyeverett/.m2/repository/com/thoughtworks/qdox/qdox/1.12.1/qdox-1.12.1.jar:/Users/rileyeverett/.m2/repository/org/codehaus/groovy/groovy-groovydoc/3.0.0-beta-1/groovy-groovydoc-3.0.0-beta-1.jar:/Users/rileyeverett/.m2/repository/org/codehaus/groovy/groovy-groovysh/3.0.0-beta-1/groovy-groovysh-3.0.0-beta-1.jar:/Users/rileyeverett/.m2/repository/jline/jline/2.14.6/jline-2.14.6.jar:/Users/rileyeverett/.m2/repository/org/codehaus/groovy/groovy-jmx/3.0.0-beta-1/groovy-jmx-3.0.0-beta-1.jar:/Users/rileyeverett/.m2/repository/org/codehaus/groovy/groovy-json/3.0.0-beta-1/groovy-json-3.0.0-beta-1.jar:/Users/rileyeverett/.m2/repository/org/codehaus/groovy/groovy-jsr223/3.0.0-beta-1/groovy-jsr223-3.0.0-beta-1.jar:/Users/rileyeverett/.m2/repository/org/codehaus/groovy/groovy-macro/3.0.0-beta-1/groovy-macro-3.0.0-beta-1.jar:/Users/rileyeverett/.m2/repository/org/codehaus/groovy/groovy-nio/3.0.0-beta-1/groovy-nio-3.0.0-beta-1.jar:/Users/rileyeverett/.m2/repository/org/codehaus/groovy/groovy-servlet/3.0.0-beta-1/groovy-servlet-3.0.0-beta-1.jar:/Users/rileyeverett/.m2/repository/org/codehaus/groovy/groovy-sql/3.0.0-beta-1/groovy-sql-3.0.0-beta-1.jar:/Users/rileyeverett/.m2/repository/org/codehaus/groovy/groovy-swing/3.0.0-beta-1/groovy-swing-3.0.0-beta-1.jar:/Users/rileyeverett/.m2/repository/org/codehaus/groovy/groovy-templates/3.0.0-beta-1/groovy-templates-3.0.0-beta-1.jar:/Users/rileyeverett/.m2/repository/org/codehaus/groovy/groovy-test/3.0.0-beta-1/groovy-test-3.0.0-beta-1.jar:/Users/rileyeverett/.m2/repository/org/codehaus/groovy/groovy-test-junit5/3.0.0-beta-1/groovy-test-junit5-3.0.0-beta-1.jar:/Users/rileyeverett/.m2/repository/org/junit/platform/junit-platform-launcher/1.4.1/junit-platform-launcher-1.4.1.jar:/Users/rileyeverett/.m2/repository/org/apiguardian/apiguardian-api/1.0.0/apiguardian-api-1.0.0.jar:/Users/rileyeverett/.m2/repository/org/junit/platform/junit-platform-engine/1.4.1/junit-platform-engine-1.4.1.jar:/Users/rileyeverett/.m2/repository/org/opentest4j/opentest4j/1.1.1/opentest4j-1.1.1.jar:/Users/rileyeverett/.m2/repository/org/junit/platform/junit-platform-commons/1.4.1/junit-platform-commons-1.4.1.jar:/Users/rileyeverett/.m2/repository/org/junit/jupiter/junit-jupiter-engine/5.4.1/junit-jupiter-engine-5.4.1.jar:/Users/rileyeverett/.m2/repository/org/junit/jupiter/junit-jupiter-api/5.4.1/junit-jupiter-api-5.4.1.jar:/Users/rileyeverett/.m2/repository/org/codehaus/groovy/groovy-testng/3.0.0-beta-1/groovy-testng-3.0.0-beta-1.jar:/Users/rileyeverett/.m2/repository/org/testng/testng/6.14.3/testng-6.14.3.jar:/Users/rileyeverett/.m2/repository/com/beust/jcommander/1.72/jcommander-1.72.jar:/Users/rileyeverett/.m2/repository/org/codehaus/groovy/groovy-xml/3.0.0-beta-1/groovy-xml-3.0.0-beta-1.jar:/Users/rileyeverett/.m2/repository/javax/xml/bind/jaxb-api/2.4.0-b180830.0359/jaxb-api-2.4.0-b180830.0359.jar:/Users/rileyeverett/.m2/repository/javax/activation/javax.activation-api/1.2.0/javax.activation-api-1.2.0.jar:/Users/rileyeverett/.m2/repository/org/glassfish/jaxb/jaxb-runtime/2.4.0-b180830.0438/jaxb-runtime-2.4.0-b180830.0438.jar:/Users/rileyeverett/.m2/repository/org/glassfish/jaxb/txw2/2.4.0-b180830.0438/txw2-2.4.0-b180830.0438.jar:/Users/rileyeverett/.m2/repository/com/sun/istack/istack-commons-runtime/3.0.7/istack-commons-runtime-3.0.7.jar:/Users/rileyeverett/.m2/repository/org/jvnet/staxex/stax-ex/1.8/stax-ex-1.8.jar:/Users/rileyeverett/.m2/repository/com/sun/xml/fastinfoset/FastInfoset/1.2.15/FastInfoset-1.2.15.jar:/Users/rileyeverett/.m2/repository/edu/pdx/cs410J/projects/Winter2020/projects-Winter2020-tests.jar:/Users/rileyeverett/.m2/repository/javax/servlet/javax.servlet-api/4.0.1/javax.servlet-api-4.0.1.jar:/Users/rileyeverett/Documents/GitHub/CS410/airline-web/target/test-classes:"/>
    <property name="java.vm.vendor" value="Oracle Corporation"/>
    <property name="sun.arch.data.model" value="64"/>
    <property name="java.vendor.url" value="https://java.oracle.com/"/>
    <property name="os.name" value="Mac OS X"/>
    <property name="java.vm.specification.version" value="13"/>
    <property name="sun.java.launcher" value="SUN_STANDARD"/>
    <property name="user.country" value="US"/>
    <property name="sun.boot.library.path" value="/Library/Java/JavaVirtualMachines/jdk-13.0.1.jdk/Contents/Home/lib"/>
    <property name="sun.java.command" value="/Users/rileyeverett/Documents/GitHub/CS410/airline-web/target/surefire/surefirebooter5600192174894714056.jar /Users/rileyeverett/Documents/GitHub/CS410/airline-web/target/surefire 2020-03-06T01-58-11_507-jvmRun1 surefire16987036449156355228tmp surefire_015507840731342238105tmp"/>
    <property name="http.nonProxyHosts" value="local|*.local|169.254/16|*.169.254/16"/>
    <property name="jdk.debug" value="release"/>
    <property name="http.port" value="8080"/>
    <property name="surefire.test.class.path" value="/Users/rileyeverett/Documents/GitHub/CS410/airline-web/target/it-classes:/Users/rileyeverett/Documents/GitHub/CS410/airline-web/target/airline.jar:/Users/rileyeverett/.m2/repository/junit/junit/4.13-beta-3/junit-4.13-beta-3.jar:/Users/rileyeverett/.m2/repository/org/hamcrest/hamcrest-core/2.1/hamcrest-core-2.1.jar:/Users/rileyeverett/.m2/repository/org/hamcrest/hamcrest/2.1/hamcrest-2.1.jar:/Users/rileyeverett/.m2/repository/org/hamcrest/hamcrest-library/2.1/hamcrest-library-2.1.jar:/Users/rileyeverett/.m2/repository/org/mockito/mockito-core/2.27.0/mockito-core-2.27.0.jar:/Users/rileyeverett/.m2/repository/net/bytebuddy/byte-buddy/1.9.10/byte-buddy-1.9.10.jar:/Users/rileyeverett/.m2/repository/net/bytebuddy/byte-buddy-agent/1.9.10/byte-buddy-agent-1.9.10.jar:/Users/rileyeverett/.m2/repository/org/objenesis/objenesis/2.6/objenesis-2.6.jar:/Users/rileyeverett/.m2/repository/edu/pdx/cs410J/projects/Winter2020/projects-Winter2020.jar:/Users/rileyeverett/.m2/repository/edu/pdx/cs410J/examples/Winter2020/examples-Winter2020.jar:/Users/rileyeverett/.m2/repository/edu/pdx/cs410J/family/Winter2020/family-Winter2020.jar:/Users/rileyeverett/.m2/repository/javax/mail/javax.mail-api/1.6.2/javax.mail-api-1.6.2.jar:/Users/rileyeverett/.m2/repository/com/google/inject/guice/4.2.2/guice-4.2.2.jar:/Users/rileyeverett/.m2/repository/javax/inject/javax.inject/1/javax.inject-1.jar:/Users/rileyeverett/.m2/repository/aopalliance/aopalliance/1.0/aopalliance-1.0.jar:/Users/rileyeverett/.m2/repository/com/google/guava/guava/25.1-android/guava-25.1-android.jar:/Users/rileyeverett/.m2/repository/com/google/code/findbugs/jsr305/3.0.2/jsr305-3.0.2.jar:/Users/rileyeverett/.m2/repository/org/checkerframework/checker-compat-qual/2.0.0/checker-compat-qual-2.0.0.jar:/Users/rileyeverett/.m2/repository/com/google/errorprone/error_prone_annotations/2.1.3/error_prone_annotations-2.1.3.jar:/Users/rileyeverett/.m2/repository/com/google/j2objc/j2objc-annotations/1.1/j2objc-annotations-1.1.jar:/Users/rileyeverett/.m2/repository/org/codehaus/mojo/animal-sniffer-annotations/1.14/animal-sniffer-annotations-1.14.jar:/Users/rileyeverett/.m2/repository/org/codehaus/groovy/groovy/3.0.0-beta-1/groovy-3.0.0-beta-1.jar:/Users/rileyeverett/.m2/repository/org/codehaus/groovy/groovy-ant/3.0.0-beta-1/groovy-ant-3.0.0-beta-1.jar:/Users/rileyeverett/.m2/repository/org/apache/ant/ant/1.10.5/ant-1.10.5.jar:/Users/rileyeverett/.m2/repository/org/apache/ant/ant-junit/1.10.5/ant-junit-1.10.5.jar:/Users/rileyeverett/.m2/repository/org/apache/ant/ant-launcher/1.10.5/ant-launcher-1.10.5.jar:/Users/rileyeverett/.m2/repository/org/apache/ant/ant-antlr/1.10.5/ant-antlr-1.10.5.jar:/Users/rileyeverett/.m2/repository/org/codehaus/groovy/groovy-cli-picocli/3.0.0-beta-1/groovy-cli-picocli-3.0.0-beta-1.jar:/Users/rileyeverett/.m2/repository/info/picocli/picocli/3.9.5/picocli-3.9.5.jar:/Users/rileyeverett/.m2/repository/org/codehaus/groovy/groovy-console/3.0.0-beta-1/groovy-console-3.0.0-beta-1.jar:/Users/rileyeverett/.m2/repository/org/codehaus/groovy/groovy-datetime/3.0.0-beta-1/groovy-datetime-3.0.0-beta-1.jar:/Users/rileyeverett/.m2/repository/org/codehaus/groovy/groovy-docgenerator/3.0.0-beta-1/groovy-docgenerator-3.0.0-beta-1.jar:/Users/rileyeverett/.m2/repository/com/thoughtworks/qdox/qdox/1.12.1/qdox-1.12.1.jar:/Users/rileyeverett/.m2/repository/org/codehaus/groovy/groovy-groovydoc/3.0.0-beta-1/groovy-groovydoc-3.0.0-beta-1.jar:/Users/rileyeverett/.m2/repository/org/codehaus/groovy/groovy-groovysh/3.0.0-beta-1/groovy-groovysh-3.0.0-beta-1.jar:/Users/rileyeverett/.m2/repository/jline/jline/2.14.6/jline-2.14.6.jar:/Users/rileyeverett/.m2/repository/org/codehaus/groovy/groovy-jmx/3.0.0-beta-1/groovy-jmx-3.0.0-beta-1.jar:/Users/rileyeverett/.m2/repository/org/codehaus/groovy/groovy-json/3.0.0-beta-1/groovy-json-3.0.0-beta-1.jar:/Users/rileyeverett/.m2/repository/org/codehaus/groovy/groovy-jsr223/3.0.0-beta-1/groovy-jsr223-3.0.0-beta-1.jar:/Users/rileyeverett/.m2/repository/org/codehaus/groovy/groovy-macro/3.0.0-beta-1/groovy-macro-3.0.0-beta-1.jar:/Users/rileyeverett/.m2/repository/org/codehaus/groovy/groovy-nio/3.0.0-beta-1/groovy-nio-3.0.0-beta-1.jar:/Users/rileyeverett/.m2/repository/org/codehaus/groovy/groovy-servlet/3.0.0-beta-1/groovy-servlet-3.0.0-beta-1.jar:/Users/rileyeverett/.m2/repository/org/codehaus/groovy/groovy-sql/3.0.0-beta-1/groovy-sql-3.0.0-beta-1.jar:/Users/rileyeverett/.m2/repository/org/codehaus/groovy/groovy-swing/3.0.0-beta-1/groovy-swing-3.0.0-beta-1.jar:/Users/rileyeverett/.m2/repository/org/codehaus/groovy/groovy-templates/3.0.0-beta-1/groovy-templates-3.0.0-beta-1.jar:/Users/rileyeverett/.m2/repository/org/codehaus/groovy/groovy-test/3.0.0-beta-1/groovy-test-3.0.0-beta-1.jar:/Users/rileyeverett/.m2/repository/org/codehaus/groovy/groovy-test-junit5/3.0.0-beta-1/groovy-test-junit5-3.0.0-beta-1.jar:/Users/rileyeverett/.m2/repository/org/junit/platform/junit-platform-launcher/1.4.1/junit-platform-launcher-1.4.1.jar:/Users/rileyeverett/.m2/repository/org/apiguardian/apiguardian-api/1.0.0/apiguardian-api-1.0.0.jar:/Users/rileyeverett/.m2/repository/org/junit/platform/junit-platform-engine/1.4.1/junit-platform-engine-1.4.1.jar:/Users/rileyeverett/.m2/repository/org/opentest4j/opentest4j/1.1.1/opentest4j-1.1.1.jar:/Users/rileyeverett/.m2/repository/org/junit/platform/junit-platform-commons/1.4.1/junit-platform-commons-1.4.1.jar:/Users/rileyeverett/.m2/repository/org/junit/jupiter/junit-jupiter-engine/5.4.1/junit-jupiter-engine-5.4.1.jar:/Users/rileyeverett/.m2/repository/org/junit/jupiter/junit-jupiter-api/5.4.1/junit-jupiter-api-5.4.1.jar:/Users/rileyeverett/.m2/repository/org/codehaus/groovy/groovy-testng/3.0.0-beta-1/groovy-testng-3.0.0-beta-1.jar:/Users/rileyeverett/.m2/repository/org/testng/testng/6.14.3/testng-6.14.3.jar:/Users/rileyeverett/.m2/repository/com/beust/jcommander/1.72/jcommander-1.72.jar:/Users/rileyeverett/.m2/repository/org/codehaus/groovy/groovy-xml/3.0.0-beta-1/groovy-xml-3.0.0-beta-1.jar:/Users/rileyeverett/.m2/repository/javax/xml/bind/jaxb-api/2.4.0-b180830.0359/jaxb-api-2.4.0-b180830.0359.jar:/Users/rileyeverett/.m2/repository/javax/activation/javax.activation-api/1.2.0/javax.activation-api-1.2.0.jar:/Users/rileyeverett/.m2/repository/org/glassfish/jaxb/jaxb-runtime/2.4.0-b180830.0438/jaxb-runtime-2.4.0-b180830.0438.jar:/Users/rileyeverett/.m2/repository/org/glassfish/jaxb/txw2/2.4.0-b180830.0438/txw2-2.4.0-b180830.0438.jar:/Users/rileyeverett/.m2/repository/com/sun/istack/istack-commons-runtime/3.0.7/istack-commons-runtime-3.0.7.jar:/Users/rileyeverett/.m2/repository/org/jvnet/staxex/stax-ex/1.8/stax-ex-1.8.jar:/Users/rileyeverett/.m2/repository/com/sun/xml/fastinfoset/FastInfoset/1.2.15/FastInfoset-1.2.15.jar:/Users/rileyeverett/.m2/repository/edu/pdx/cs410J/projects/Winter2020/projects-Winter2020-tests.jar:/Users/rileyeverett/.m2/repository/javax/servlet/javax.servlet-api/4.0.1/javax.servlet-api-4.0.1.jar:/Users/rileyeverett/Documents/GitHub/CS410/airline-web/target/test-classes:"/>
    <property name="sun.cpu.endian" value="little"/>
    <property name="user.home" value="/Users/rileyeverett"/>
    <property name="user.language" value="en"/>
    <property name="java.specification.vendor" value="Oracle Corporation"/>
    <property name="java.version.date" value="2019-10-15"/>
    <property name="java.home" value="/Library/Java/JavaVirtualMachines/jdk-13.0.1.jdk/Contents/Home"/>
    <property name="file.separator" value="/"/>
    <property name="basedir" value="/Users/rileyeverett/Documents/GitHub/CS410/airline-web"/>
    <property name="java.vm.compressedOopsMode" value="Zero based"/>
    <property name="line.separator" value="&#10;"/>
    <property name="java.specification.name" value="Java Platform API Specification"/>
    <property name="java.vm.specification.vendor" value="Oracle Corporation"/>
    <property name="surefire.real.class.path" value="/Users/rileyeverett/Documents/GitHub/CS410/airline-web/target/surefire/surefirebooter5600192174894714056.jar"/>
    <property name="sun.management.compiler" value="HotSpot 64-Bit Tiered Compilers"/>
    <property name="ftp.nonProxyHosts" value="local|*.local|169.254/16|*.169.254/16"/>
    <property name="java.runtime.version" value="13.0.1+9"/>
    <property name="user.name" value="rileyeverett"/>
    <property name="path.separator" value=":"/>
    <property name="os.version" value="10.15.3"/>
    <property name="java.runtime.name" value="Java(TM) SE Runtime Environment"/>
    <property name="file.encoding" value="UTF-8"/>
    <property name="java.vm.name" value="Java HotSpot(TM) 64-Bit Server VM"/>
    <property name="localRepository" value="/Users/rileyeverett/.m2/repository"/>
    <property name="java.vendor.url.bug" value="https://bugreport.java.com/bugreport/"/>
    <property name="java.io.tmpdir" value="/var/folders/7g/b8c9cqf52fnb8256nx_nhx_80000gn/T/"/>
    <property name="java.version" value="13.0.1"/>
    <property name="user.dir" value="/Users/rileyeverett/Documents/GitHub/CS410/airline-web"/>
    <property name="os.arch" value="x86_64"/>
    <property name="java.vm.specification.name" value="Java Virtual Machine Specification"/>
    <property name="java.library.path" value="/Users/rileyeverett/Library/Java/Extensions:/Library/Java/Extensions:/Network/Library/Java/Extensions:/System/Library/Java/Extensions:/usr/lib/java:."/>
    <property name="java.vm.info" value="mixed mode, sharing"/>
    <property name="java.vendor" value="Oracle Corporation"/>
    <property name="java.vm.version" value="13.0.1+9"/>
    <property name="sun.io.unicode.encoding" value="UnicodeBig"/>
    <property name="socksNonProxyHosts" value="local|*.local|169.254/16|*.169.254/16"/>
    <property name="java.class.version" value="57.0"/>
  </properties>
  <testcase name="test0" classname="edu.pdx.cs410J.riley34.Project5IT" time="0.074"/>
</testsuite>